CRITICAL - 2021-12-20 11:56:41 --> Class "App\Database\Migrations\Categories" not found
#0 /Applications/MAMP/htdocs/Codeigniter/Practica01/vendor/codeigniter4/framework/system/CodeIgniter.php(824): App\Controllers\Rest\CategoriesController->categoriesUpdateRest()
#1 /Applications/MAMP/htdocs/Codeigniter/Practica01/vendor/codeigniter4/framework/system/CodeIgniter.php(410): CodeIgniter\CodeIgniter->runController(Object(App\Controllers\Rest\CategoriesController))
#2 /Applications/MAMP/htdocs/Codeigniter/Practica01/vendor/codeigniter4/framework/system/CodeIgniter.php(318): CodeIgniter\CodeIgniter->handleRequest(NULL, Object(Config\Cache), false)
#3 /Applications/MAMP/htdocs/Codeigniter/Practica01/public/index.php(37): CodeIgniter\CodeIgniter->run()
#4 {main}
CRITICAL - 2021-12-20 11:58:04 --> Call to undefined method App\Entities\Categories::save()
#0 /Applications/MAMP/htdocs/Codeigniter/Practica01/vendor/codeigniter4/framework/system/CodeIgniter.php(824): App\Controllers\Rest\CategoriesController->categoriesUpdateRest()
#1 /Applications/MAMP/htdocs/Codeigniter/Practica01/vendor/codeigniter4/framework/system/CodeIgniter.php(410): CodeIgniter\CodeIgniter->runController(Object(App\Controllers\Rest\CategoriesController))
#2 /Applications/MAMP/htdocs/Codeigniter/Practica01/vendor/codeigniter4/framework/system/CodeIgniter.php(318): CodeIgniter\CodeIgniter->handleRequest(NULL, Object(Config\Cache), false)
#3 /Applications/MAMP/htdocs/Codeigniter/Practica01/public/index.php(37): CodeIgniter\CodeIgniter->run()
#4 {main}
CRITICAL - 2021-12-20 12:00:23 --> Call to undefined method App\Entities\Categories::save()
#0 /Applications/MAMP/htdocs/Codeigniter/Practica01/vendor/codeigniter4/framework/system/CodeIgniter.php(824): App\Controllers\Rest\CategoriesController->categoriesUpdateRest()
#1 /Applications/MAMP/htdocs/Codeigniter/Practica01/vendor/codeigniter4/framework/system/CodeIgniter.php(410): CodeIgniter\CodeIgniter->runController(Object(App\Controllers\Rest\CategoriesController))
#2 /Applications/MAMP/htdocs/Codeigniter/Practica01/vendor/codeigniter4/framework/system/CodeIgniter.php(318): CodeIgniter\CodeIgniter->handleRequest(NULL, Object(Config\Cache), false)
#3 /Applications/MAMP/htdocs/Codeigniter/Practica01/public/index.php(37): CodeIgniter\CodeIgniter->run()
#4 {main}
CRITICAL - 2021-12-20 12:00:36 --> Call to undefined method App\Entities\Categories::save()
#0 /Applications/MAMP/htdocs/Codeigniter/Practica01/vendor/codeigniter4/framework/system/CodeIgniter.php(824): App\Controllers\Rest\CategoriesController->categoriesUpdateRest()
#1 /Applications/MAMP/htdocs/Codeigniter/Practica01/vendor/codeigniter4/framework/system/CodeIgniter.php(410): CodeIgniter\CodeIgniter->runController(Object(App\Controllers\Rest\CategoriesController))
#2 /Applications/MAMP/htdocs/Codeigniter/Practica01/vendor/codeigniter4/framework/system/CodeIgniter.php(318): CodeIgniter\CodeIgniter->handleRequest(NULL, Object(Config\Cache), false)
#3 /Applications/MAMP/htdocs/Codeigniter/Practica01/public/index.php(37): CodeIgniter\CodeIgniter->run()
#4 {main}
