CRITICAL - 2021-12-26 05:26:39 --> Undefined array key 0
#0 /Applications/MAMP/htdocs/Codeigniter/Practica01/vendor/codeigniter4/framework/system/Router/RouteCollection.php(1091): CodeIgniter\Debug\Exceptions->errorHandler(2, 'Undefined array...', '/Applications/M...', 1091)
#1 /Applications/MAMP/htdocs/Codeigniter/Practica01/vendor/codeigniter4/framework/system/Router/RouteCollection.php(971): CodeIgniter\Router\RouteCollection->fillRouteParams('admin/festivals...', Array)
#2 /Applications/MAMP/htdocs/Codeigniter/Practica01/vendor/codeigniter4/framework/system/Common.php(890): CodeIgniter\Router\RouteCollection->reverseRoute('festivals_view_...')
#3 /Applications/MAMP/htdocs/Codeigniter/Practica01/app/Views/Administration/festivals.php(104): route_to('festivals_view_...')
#4 /Applications/MAMP/htdocs/Codeigniter/Practica01/vendor/codeigniter4/framework/system/View/View.php(214): include('/Applications/M...')
#5 /Applications/MAMP/htdocs/Codeigniter/Practica01/vendor/codeigniter4/framework/system/View/View.php(217): CodeIgniter\View\View->CodeIgniter\View\{closure}()
#6 /Applications/MAMP/htdocs/Codeigniter/Practica01/vendor/codeigniter4/framework/system/Common.php(1097): CodeIgniter\View\View->render('Administration/...', Array, true)
#7 /Applications/MAMP/htdocs/Codeigniter/Practica01/app/Controllers/Administration/FestivalController.php(15): view('Administration/...', Array)
#8 /Applications/MAMP/htdocs/Codeigniter/Practica01/vendor/codeigniter4/framework/system/CodeIgniter.php(824): App\Controllers\Administration\FestivalController->home()
#9 /Applications/MAMP/htdocs/Codeigniter/Practica01/vendor/codeigniter4/framework/system/CodeIgniter.php(410): CodeIgniter\CodeIgniter->runController(Object(App\Controllers\Administration\FestivalController))
#10 /Applications/MAMP/htdocs/Codeigniter/Practica01/vendor/codeigniter4/framework/system/CodeIgniter.php(318): CodeIgniter\CodeIgniter->handleRequest(NULL, Object(Config\Cache), false)
#11 /Applications/MAMP/htdocs/Codeigniter/Practica01/public/index.php(37): CodeIgniter\CodeIgniter->run()
#12 {main}
CRITICAL - 2021-12-26 05:26:39 --> Undefined array key 0
#0 /Applications/MAMP/htdocs/Codeigniter/Practica01/vendor/codeigniter4/framework/system/Router/RouteCollection.php(1091): CodeIgniter\Debug\Exceptions->errorHandler(2, 'Undefined array...', '/Applications/M...', 1091)
#1 /Applications/MAMP/htdocs/Codeigniter/Practica01/vendor/codeigniter4/framework/system/Router/RouteCollection.php(971): CodeIgniter\Router\RouteCollection->fillRouteParams('admin/festivals...', Array)
#2 /Applications/MAMP/htdocs/Codeigniter/Practica01/vendor/codeigniter4/framework/system/Common.php(890): CodeIgniter\Router\RouteCollection->reverseRoute('festivals_view_...')
#3 /Applications/MAMP/htdocs/Codeigniter/Practica01/app/Views/Administration/festivals.php(104): route_to('festivals_view_...')
#4 /Applications/MAMP/htdocs/Codeigniter/Practica01/vendor/codeigniter4/framework/system/View/View.php(214): include('/Applications/M...')
#5 /Applications/MAMP/htdocs/Codeigniter/Practica01/vendor/codeigniter4/framework/system/View/View.php(217): CodeIgniter\View\View->CodeIgniter\View\{closure}()
#6 /Applications/MAMP/htdocs/Codeigniter/Practica01/vendor/codeigniter4/framework/system/Common.php(1097): CodeIgniter\View\View->render('Administration/...', Array, true)
#7 /Applications/MAMP/htdocs/Codeigniter/Practica01/app/Controllers/Administration/FestivalController.php(15): view('Administration/...', Array)
#8 /Applications/MAMP/htdocs/Codeigniter/Practica01/vendor/codeigniter4/framework/system/CodeIgniter.php(824): App\Controllers\Administration\FestivalController->home()
#9 /Applications/MAMP/htdocs/Codeigniter/Practica01/vendor/codeigniter4/framework/system/CodeIgniter.php(410): CodeIgniter\CodeIgniter->runController(Object(App\Controllers\Administration\FestivalController))
#10 /Applications/MAMP/htdocs/Codeigniter/Practica01/vendor/codeigniter4/framework/system/CodeIgniter.php(318): CodeIgniter\CodeIgniter->handleRequest(NULL, Object(Config\Cache), false)
#11 /Applications/MAMP/htdocs/Codeigniter/Practica01/public/index.php(37): CodeIgniter\CodeIgniter->run()
#12 {main}
CRITICAL - 2021-12-26 05:48:12 --> Too few arguments to function App\Entities\Festivals::getDateInputFormat(), 0 passed in /Applications/MAMP/htdocs/Codeigniter/Practica01/app/Views/Administration/festivals_edit.php on line 30 and exactly 1 expected
#0 /Applications/MAMP/htdocs/Codeigniter/Practica01/app/Views/Administration/festivals_edit.php(30): App\Entities\Festivals->getDateInputFormat()
#1 /Applications/MAMP/htdocs/Codeigniter/Practica01/vendor/codeigniter4/framework/system/View/View.php(214): include('/Applications/M...')
#2 /Applications/MAMP/htdocs/Codeigniter/Practica01/vendor/codeigniter4/framework/system/View/View.php(217): CodeIgniter\View\View->CodeIgniter\View\{closure}()
#3 /Applications/MAMP/htdocs/Codeigniter/Practica01/vendor/codeigniter4/framework/system/Common.php(1097): CodeIgniter\View\View->render('Administration/...', Array, true)
#4 /Applications/MAMP/htdocs/Codeigniter/Practica01/app/Controllers/Administration/FestivalController.php(88): view('Administration/...', Array)
#5 /Applications/MAMP/htdocs/Codeigniter/Practica01/vendor/codeigniter4/framework/system/CodeIgniter.php(824): App\Controllers\Administration\FestivalController->viewEditFestival('8')
#6 /Applications/MAMP/htdocs/Codeigniter/Practica01/vendor/codeigniter4/framework/system/CodeIgniter.php(410): CodeIgniter\CodeIgniter->runController(Object(App\Controllers\Administration\FestivalController))
#7 /Applications/MAMP/htdocs/Codeigniter/Practica01/vendor/codeigniter4/framework/system/CodeIgniter.php(318): CodeIgniter\CodeIgniter->handleRequest(NULL, Object(Config\Cache), false)
#8 /Applications/MAMP/htdocs/Codeigniter/Practica01/public/index.php(37): CodeIgniter\CodeIgniter->run()
#9 {main}
CRITICAL - 2021-12-26 05:48:35 --> Cannot access offset of type string on string
#0 /Applications/MAMP/htdocs/Codeigniter/Practica01/app/Views/Administration/festivals_edit.php(30): App\Entities\Festivals->getDateInputFormat('2006-06-06 01:3...')
#1 /Applications/MAMP/htdocs/Codeigniter/Practica01/vendor/codeigniter4/framework/system/View/View.php(214): include('/Applications/M...')
#2 /Applications/MAMP/htdocs/Codeigniter/Practica01/vendor/codeigniter4/framework/system/View/View.php(217): CodeIgniter\View\View->CodeIgniter\View\{closure}()
#3 /Applications/MAMP/htdocs/Codeigniter/Practica01/vendor/codeigniter4/framework/system/Common.php(1097): CodeIgniter\View\View->render('Administration/...', Array, true)
#4 /Applications/MAMP/htdocs/Codeigniter/Practica01/app/Controllers/Administration/FestivalController.php(88): view('Administration/...', Array)
#5 /Applications/MAMP/htdocs/Codeigniter/Practica01/vendor/codeigniter4/framework/system/CodeIgniter.php(824): App\Controllers\Administration\FestivalController->viewEditFestival('8')
#6 /Applications/MAMP/htdocs/Codeigniter/Practica01/vendor/codeigniter4/framework/system/CodeIgniter.php(410): CodeIgniter\CodeIgniter->runController(Object(App\Controllers\Administration\FestivalController))
#7 /Applications/MAMP/htdocs/Codeigniter/Practica01/vendor/codeigniter4/framework/system/CodeIgniter.php(318): CodeIgniter\CodeIgniter->handleRequest(NULL, Object(Config\Cache), false)
#8 /Applications/MAMP/htdocs/Codeigniter/Practica01/public/index.php(37): CodeIgniter\CodeIgniter->run()
#9 {main}
CRITICAL - 2021-12-26 07:17:55 --> Undefined variable $categories
#0 /Applications/MAMP/htdocs/Codeigniter/Practica01/app/Views/Administration/festivals_edit.php(41): CodeIgniter\Debug\Exceptions->errorHandler(2, 'Undefined varia...', '/Applications/M...', 41)
#1 /Applications/MAMP/htdocs/Codeigniter/Practica01/vendor/codeigniter4/framework/system/View/View.php(214): include('/Applications/M...')
#2 /Applications/MAMP/htdocs/Codeigniter/Practica01/vendor/codeigniter4/framework/system/View/View.php(217): CodeIgniter\View\View->CodeIgniter\View\{closure}()
#3 /Applications/MAMP/htdocs/Codeigniter/Practica01/vendor/codeigniter4/framework/system/Common.php(1097): CodeIgniter\View\View->render('Administration/...', Array, true)
#4 /Applications/MAMP/htdocs/Codeigniter/Practica01/app/Controllers/Administration/FestivalController.php(93): view('Administration/...', Array)
#5 /Applications/MAMP/htdocs/Codeigniter/Practica01/vendor/codeigniter4/framework/system/CodeIgniter.php(824): App\Controllers\Administration\FestivalController->viewEditFestival('1')
#6 /Applications/MAMP/htdocs/Codeigniter/Practica01/vendor/codeigniter4/framework/system/CodeIgniter.php(410): CodeIgniter\CodeIgniter->runController(Object(App\Controllers\Administration\FestivalController))
#7 /Applications/MAMP/htdocs/Codeigniter/Practica01/vendor/codeigniter4/framework/system/CodeIgniter.php(318): CodeIgniter\CodeIgniter->handleRequest(NULL, Object(Config\Cache), false)
#8 /Applications/MAMP/htdocs/Codeigniter/Practica01/public/index.php(37): CodeIgniter\CodeIgniter->run()
#9 {main}
CRITICAL - 2021-12-26 07:18:43 --> Undefined variable $categories
#0 /Applications/MAMP/htdocs/Codeigniter/Practica01/app/Views/Administration/festivals_edit.php(41): CodeIgniter\Debug\Exceptions->errorHandler(2, 'Undefined varia...', '/Applications/M...', 41)
#1 /Applications/MAMP/htdocs/Codeigniter/Practica01/vendor/codeigniter4/framework/system/View/View.php(214): include('/Applications/M...')
#2 /Applications/MAMP/htdocs/Codeigniter/Practica01/vendor/codeigniter4/framework/system/View/View.php(217): CodeIgniter\View\View->CodeIgniter\View\{closure}()
#3 /Applications/MAMP/htdocs/Codeigniter/Practica01/vendor/codeigniter4/framework/system/Common.php(1097): CodeIgniter\View\View->render('Administration/...', Array, true)
#4 /Applications/MAMP/htdocs/Codeigniter/Practica01/app/Controllers/Administration/FestivalController.php(93): view('Administration/...', Array)
#5 /Applications/MAMP/htdocs/Codeigniter/Practica01/vendor/codeigniter4/framework/system/CodeIgniter.php(824): App\Controllers\Administration\FestivalController->viewEditFestival('1')
#6 /Applications/MAMP/htdocs/Codeigniter/Practica01/vendor/codeigniter4/framework/system/CodeIgniter.php(410): CodeIgniter\CodeIgniter->runController(Object(App\Controllers\Administration\FestivalController))
#7 /Applications/MAMP/htdocs/Codeigniter/Practica01/vendor/codeigniter4/framework/system/CodeIgniter.php(318): CodeIgniter\CodeIgniter->handleRequest(NULL, Object(Config\Cache), false)
#8 /Applications/MAMP/htdocs/Codeigniter/Practica01/public/index.php(37): CodeIgniter\CodeIgniter->run()
#9 {main}
